<?xml version="1.0" encoding="UTF-8"?>
<!-- Generated by org.testng.reporters.JUnitXMLReporter -->
<testsuite ignored="2" hostname="IN-18VK1J3" failures="0" tests="4" name="Test" time="10.781" errors="0" timestamp="2023-07-22T16:27:41 IST">
  <testcase classname="Test.GetRequest" name="getbooking" time="1.477"/>
  <testcase classname="Test.GetRequest" name="getbookingid" time="1.146"/>
  <testcase classname="Test.PostRequest" name="create" time="1.224"/>
  <testcase classname="Test.DeleteRequest" name="delete" time="1.155"/>
  <testcase classname="BasePage.BaseTest" name="@BeforeSuite init" time="0.0">
    <ignored/>
  </testcase> <!-- @BeforeSuite init -->
  <testcase classname="BasePage.BaseTest" name="@BeforeSuite init" time="0.0">
    <ignored/>
  </testcase> <!-- @BeforeSuite init -->
</testsuite> <!-- Test -->
